[debug] [2022-02-11T13:13:40.371Z] ----------------------------------------------------------------------
[debug] [2022-02-11T13:13:40.372Z] Command:       /Users/yamamotoshin/.nvm/versions/node/v16.13.2/bin/node /Users/yamamotoshin/.nvm/versions/node/v16.13.2/bin/firebase serve
[debug] [2022-02-11T13:13:40.372Z] CLI Version:   10.2.0
[debug] [2022-02-11T13:13:40.372Z] Platform:      darwin
[debug] [2022-02-11T13:13:40.373Z] Node Version:  v16.13.2
[debug] [2022-02-11T13:13:40.373Z] Time:          Fri Feb 11 2022 22:13:40 GMT+0900 (日本標準時)
[debug] [2022-02-11T13:13:40.373Z] ----------------------------------------------------------------------
[debug] 
[debug] [2022-02-11T13:13:40.405Z] > command requires scopes: ["email","openid","https://www.googleapis.com/auth/cloudplatformprojects.readonly","https://www.googleapis.com/auth/firebase","https://www.googleapis.com/auth/cloud-platform"]
[debug] [2022-02-11T13:13:40.405Z] > authorizing via signed-in user (siny0422@icloud.com)
[debug] [2022-02-11T13:13:40.405Z] [iam] checking project goal-todo-28c18 for permissions ["firebase.projects.get"]
[debug] [2022-02-11T13:13:40.406Z] >>> [apiv2][query] POST https://cloudresourcemanager.googleapis.com/v1/projects/goal-todo-28c18:testIamPermissions [none]
[debug] [2022-02-11T13:13:40.406Z] >>> [apiv2][body] POST https://cloudresourcemanager.googleapis.com/v1/projects/goal-todo-28c18:testIamPermissions {"permissions":["firebase.projects.get"]}
[debug] [2022-02-11T13:13:41.104Z] <<< [apiv2][status] POST https://cloudresourcemanager.googleapis.com/v1/projects/goal-todo-28c18:testIamPermissions 200
[debug] [2022-02-11T13:13:41.105Z] <<< [apiv2][body] POST https://cloudresourcemanager.googleapis.com/v1/projects/goal-todo-28c18:testIamPermissions {"permissions":["firebase.projects.get"]}
[debug] [2022-02-11T13:13:41.106Z] >>> [apiv2][query] GET https://firebase.googleapis.com/v1beta1/projects/goal-todo-28c18 [none]
[debug] [2022-02-11T13:13:41.443Z] <<< [apiv2][status] GET https://firebase.googleapis.com/v1beta1/projects/goal-todo-28c18 200
[debug] [2022-02-11T13:13:41.443Z] <<< [apiv2][body] GET https://firebase.googleapis.com/v1beta1/projects/goal-todo-28c18 {"projectId":"goal-todo-28c18","projectNumber":"709850050234","displayName":"goal-todo","name":"projects/goal-todo-28c18","resources":{"hostingSite":"goal-todo-28c18","realtimeDatabaseInstance":"goal-todo-28c18-default-rtdb","storageBucket":"goal-todo-28c18.appspot.com","locationId":"asia-northeast3"},"state":"ACTIVE"}
[info] 
[info] === Serving from '/Users/yamamotoshin/goal-todo/goal-todo-app'...
[info] 
[debug] [2022-02-11T13:13:41.447Z] >>> [apiv2][query] GET https://firebasehosting.googleapis.com/v1beta1/projects/goal-todo-28c18/sites 
[info] ✔  functions: Using node@16 from host. {"metadata":{"emulator":{"name":"functions"},"message":"Using node@16 from host."}}
[debug] [2022-02-11T13:13:41.461Z] defaultcredentials: writing to file /Users/yamamotoshin/.config/firebase/siny0422_icloud_com_application_default_credentials.json
[debug] [2022-02-11T13:13:41.462Z] Setting GAC to /Users/yamamotoshin/.config/firebase/siny0422_icloud_com_application_default_credentials.json {"metadata":{"emulator":{"name":"functions"},"message":"Setting GAC to /Users/yamamotoshin/.config/firebase/siny0422_icloud_com_application_default_credentials.json"}}
[debug] [2022-02-11T13:13:41.463Z] >>> [apiv2][query] GET https://firebase.googleapis.com/v1beta1/projects/goal-todo-28c18/adminSdkConfig [none]
[debug] [2022-02-11T13:13:41.813Z] <<< [apiv2][status] GET https://firebase.googleapis.com/v1beta1/projects/goal-todo-28c18/adminSdkConfig 200
[debug] [2022-02-11T13:13:41.813Z] <<< [apiv2][body] GET https://firebase.googleapis.com/v1beta1/projects/goal-todo-28c18/adminSdkConfig {"projectId":"goal-todo-28c18","databaseURL":"https://goal-todo-28c18-default-rtdb.asia-southeast1.firebasedatabase.app","storageBucket":"goal-todo-28c18.appspot.com","locationId":"asia-northeast3"}
[debug] [2022-02-11T13:13:42.379Z] <<< [apiv2][status] GET https://firebasehosting.googleapis.com/v1beta1/projects/goal-todo-28c18/sites 200
[debug] [2022-02-11T13:13:42.379Z] <<< [apiv2][body] GET https://firebasehosting.googleapis.com/v1beta1/projects/goal-todo-28c18/sites {"sites":[{"name":"projects/709850050234/sites/goal-todo-28c18","defaultUrl":"https://goal-todo-28c18.web.app","appId":"1:709850050234:web:025159cb094b3995af9c83","type":"DEFAULT_SITE"}]}
[debug] [2022-02-11T13:13:42.380Z] >>> [apiv2][query] GET https://firebase.googleapis.com/v1beta1/projects/goal-todo-28c18/webApps/1:709850050234:web:025159cb094b3995af9c83/config [none]
[debug] [2022-02-11T13:13:43.528Z] <<< [apiv2][status] GET https://firebase.googleapis.com/v1beta1/projects/goal-todo-28c18/webApps/1:709850050234:web:025159cb094b3995af9c83/config 200
[debug] [2022-02-11T13:13:43.528Z] <<< [apiv2][body] GET https://firebase.googleapis.com/v1beta1/projects/goal-todo-28c18/webApps/1:709850050234:web:025159cb094b3995af9c83/config {"projectId":"goal-todo-28c18","appId":"1:709850050234:web:025159cb094b3995af9c83","databaseURL":"https://goal-todo-28c18-default-rtdb.asia-southeast1.firebasedatabase.app","storageBucket":"goal-todo-28c18.appspot.com","locationId":"asia-northeast3","apiKey":"AIzaSyAZUiLxEZlDzEpyzeNgCWqVPxsAcjrpjpA","authDomain":"goal-todo-28c18.firebaseapp.com","messagingSenderId":"709850050234","measurementId":"G-5WFY5W61N3"}
[info] i  functions: Watching "/Users/yamamotoshin/goal-todo/goal-todo-app/functions" for Cloud Functions... {"metadata":{"emulator":{"name":"functions"},"message":"Watching \"/Users/yamamotoshin/goal-todo/goal-todo-app/functions\" for Cloud Functions..."}}
[info] i  hosting: Serving hosting files from: build {"metadata":{"emulator":{"name":"hosting"},"message":"Serving hosting files from: \u001b[1mbuild\u001b[22m"}}
[info] ✔  hosting: Local server: http://localhost:5000 {"metadata":{"emulator":{"name":"hosting"},"message":"Local server: \u001b[4m\u001b[1mhttp://localhost:5000\u001b[22m\u001b[24m"}}
[debug] [2022-02-11T13:13:43.571Z] Validating nodejs source
[warn] ⚠  functions: package.json indicates an outdated version of firebase-functions.
Please upgrade using npm install --save firebase-functions@latest in your functions directory. 
[debug] [2022-02-11T13:13:44.118Z] > [functions] package.json contents: {
  "name": "functions",
  "description": "Cloud Functions for Firebase",
  "scripts": {
    "lint": "eslint .",
    "serve": "firebase emulators:start --only functions",
    "shell": "firebase functions:shell",
    "start": "npm run shell",
    "deploy": "firebase deploy --only functions",
    "logs": "firebase functions:log"
  },
  "engines": {
    "node": "16"
  },
  "main": "index.js",
  "dependencies": {
    "firebase-admin": "^9.8.0",
    "firebase-functions": "^3.14.1"
  },
  "devDependencies": {
    "eslint": "^7.6.0",
    "eslint-config-google": "^0.14.0",
    "firebase-functions-test": "^0.2.0"
  },
  "private": true
}
[debug] [2022-02-11T13:13:44.118Z] Building nodejs source
[debug] [2022-02-11T13:13:44.118Z] Analyzing nodejs backend spec
